2024-01-21 23:19:15,006 - INFO 20; Module: views - Filename:views.py - FuncName:creature - №line:59; Message:"I'm on the main page. 'Creature'! Me and you" - C:\Users\zarin\OneDrive\Рабочий стол\Programming\GitHub\Reality\main\views.py - MainProcess
2024-01-21 23:39:56,731 - INFO 20; Module: views - Filename:views.py - FuncName:creature - №line:61; Message:"Way to user's img: /media/uploaded/200318_ai_intentprediction_shutterstock_4.jpg " - C:\Users\zarin\OneDrive\Рабочий стол\Programming\GitHub\Reality\main\views.py - MainProcess
2024-01-21 23:44:06,335 - INFO 20; Module: views - Filename:views.py - FuncName:creature - №line:61; Message:"Way to user's img: /media/uploaded/photo.jpg " - C:\Users\zarin\OneDrive\Рабочий стол\Programming\GitHub\Reality\main\views.py - MainProcess
2024-01-22 14:32:54,878 - INFO 20; Module: views - Filename:views.py - FuncName:creature - №line:61; Message:"Way to user's img: /media/ююuploaded/photo.jpg " - C:\Users\zarin\OneDrive\Рабочий стол\Programming\GitHub\Reality\main\views.py - MainProcess
2024-01-22 14:38:05,438 - INFO 20; Module: views - Filename:views.py - FuncName:creature - №line:61; Message:"Way to user's img: /media/uploaded/photo.jpg " - C:\Users\zarin\OneDrive\Рабочий стол\Programming\GitHub\Reality\main\views.py - MainProcess
2024-01-22 14:45:45,695 - INFO 20; Module: views - Filename:views.py - FuncName:creature - №line:65; Message:"Way to user's img: /media/None " - C:\Users\zarin\OneDrive\Рабочий стол\Programming\GitHub\Reality\main\views.py - MainProcess
2024-01-22 14:47:19,027 - INFO 20; Module: views - Filename:views.py - FuncName:creature - №line:65; Message:"Way to user's img: /media/uploaded/image_N1DKQB1.png " - C:\Users\zarin\OneDrive\Рабочий стол\Programming\GitHub\Reality\main\views.py - MainProcess
2024-01-22 15:18:52,756 - DEBUG 10; Module: views - Filename:views.py - FuncName:my_photo - №line:81; Message:I'm here - C:\Users\zarin\OneDrive\Рабочий стол\Programming\GitHub\Reality\main\views.py - MainProcess
2024-01-22 15:36:21,384 - DEBUG 10; Module: views - Filename:views.py - FuncName:my_photo - №line:81; Message:request.POST: <QueryDict: {'csrfmiddlewaretoken': ['0VfpLxwULas5y8tDrB7rDIbAIFljonR9Qw86RsqjANkwvRC5PIsHg3rtjKxwT2Sd'], 'date_time_pict': ['1999-01-07 20:19:11.00']}>, request.FILES: <MultiValueDict: {'image': [<InMemoryUploadedFile: hard_skills.jpg (image/jpeg)>]}>, form.errors:  - C:\Users\zarin\OneDrive\Рабочий стол\Programming\GitHub\Reality\main\views.py - MainProcess
2024-01-22 15:36:21,387 - DEBUG 10; Module: views - Filename:views.py - FuncName:my_photo - №line:83; Message:These are valid - C:\Users\zarin\OneDrive\Рабочий стол\Programming\GitHub\Reality\main\views.py - MainProcess
2024-01-22 15:36:21,388 - DEBUG 10; Module: views - Filename:views.py - FuncName:my_photo - №line:86; Message:"Update IMG: form_image--hard_skills.jpg, form_date_time_pict--1999-01-07 20:19:11+00:00 " - C:\Users\zarin\OneDrive\Рабочий стол\Programming\GitHub\Reality\main\views.py - MainProcess
2024-01-22 15:36:25,963 - INFO 20; Module: views - Filename:views.py - FuncName:creature - №line:65; Message:"Way to user's img: /media/hard_skills.jpg " - C:\Users\zarin\OneDrive\Рабочий стол\Programming\GitHub\Reality\main\views.py - MainProcess
2024-01-22 16:07:03,881 - DEBUG 10; Module: views - Filename:views.py - FuncName:my_photo - №line:81; Message:request.POST: <QueryDict: {'csrfmiddlewaretoken': ['iD7ZVbm5CBgU4QEyQWiUz4lBNk2OkikW8e0G16gure8l1zN0e3DacpBuope1PXl0'], 'date_time_pict': ['1111-01-07 20']}>, request.FILES: <MultiValueDict: {'image': [<InMemoryUploadedFile: hard_skills.jpg (image/jpeg)>]}>, form.errors:  - C:\Users\zarin\OneDrive\Рабочий стол\Programming\GitHub\Reality\main\views.py - MainProcess
2024-01-22 16:07:03,881 - DEBUG 10; Module: views - Filename:views.py - FuncName:my_photo - №line:83; Message:These are valid - C:\Users\zarin\OneDrive\Рабочий стол\Programming\GitHub\Reality\main\views.py - MainProcess
2024-01-22 16:07:03,881 - DEBUG 10; Module: views - Filename:views.py - FuncName:my_photo - №line:86; Message:"Update IMG: form_image--hard_skills.jpg, form_date_time_pict--1111-01-07 20:00:00+00:00 " - C:\Users\zarin\OneDrive\Рабочий стол\Programming\GitHub\Reality\main\views.py - MainProcess
2024-01-22 16:10:29,017 - INFO 20; Module: views - Filename:views.py - FuncName:creature - №line:65; Message:"Way to user's img: /media/hard_skills.jpg " - C:\Users\zarin\OneDrive\Рабочий стол\Programming\GitHub\Reality\main\views.py - MainProcess
2024-01-22 16:14:53,121 - DEBUG 10; Module: views - Filename:views.py - FuncName:my_photo - №line:81; Message:request.POST: <QueryDict: {'csrfmiddlewaretoken': ['tY7X9qwo3UYIEhxL4zoN9H4IVVTuXxGHjz0EflqNSxQ9B0GdsGJ3M2kBw05HscHL'], 'date_time_pict': ['2024-01-07 20:19:11']}>, request.FILES: <MultiValueDict: {'image': [<InMemoryUploadedFile: hard_skills.jpg (image/jpeg)>]}>, form.errors:  - C:\Users\zarin\OneDrive\Рабочий стол\Programming\GitHub\Reality\main\views.py - MainProcess
2024-01-22 16:14:53,121 - DEBUG 10; Module: views - Filename:views.py - FuncName:my_photo - №line:86; Message:"Update IMG: form_image--hard_skills.jpg, form_date_time_pict--2024-01-07 20:19:11+00:00 " - C:\Users\zarin\OneDrive\Рабочий стол\Programming\GitHub\Reality\main\views.py - MainProcess
2024-01-22 16:22:27,659 - DEBUG 10; Module: views - Filename:views.py - FuncName:my_photo - №line:81; Message:request.POST: <QueryDict: {'csrfmiddlewaretoken': ['OsXqCqxbFDVKkgqwdzKkctjW2eSP7NTRE3Q7IlrAugNbhZzYBG5APOzPDj42CsUV'], 'date_time_pict': ['2024-01-07 20:19:11']}>, request.FILES: <MultiValueDict: {'image': [<InMemoryUploadedFile: hard_skills.jpg (image/jpeg)>]}>, form.errors:  - C:\Users\zarin\OneDrive\Рабочий стол\Programming\GitHub\Reality\main\views.py - MainProcess
2024-01-22 16:38:26,665 - INFO 20; Module: views - Filename:views.py - FuncName:creature - №line:65; Message:"Way to user's img: /media/hard_skills.jpg " - C:\Users\zarin\OneDrive\Рабочий стол\Programming\GitHub\Reality\main\views.py - MainProcess
2024-01-22 16:38:37,011 - INFO 20; Module: views - Filename:views.py - FuncName:creature - №line:65; Message:"Way to user's img: /media/hard_skills.jpg " - C:\Users\zarin\OneDrive\Рабочий стол\Programming\GitHub\Reality\main\views.py - MainProcess
2024-01-22 16:46:20,091 - DEBUG 10; Module: views - Filename:views.py - FuncName:my_photo - №line:82; Message:request.POST: <QueryDict: {'csrfmiddlewaretoken': ['W3lrzDaG4PHGtX1eGdsseKoNi35NEltGMEe8Fy45Tsz7qGaG4kNIR5EGT8h090uK'], 'date_time_pict': ['1111-01-07 20']}>, request.FILES: <MultiValueDict: {'image': [<InMemoryUploadedFile: hard_skills.jpg (image/jpeg)>]}>, form.errors:  - C:\Users\zarin\OneDrive\Рабочий стол\Programming\GitHub\Reality\main\views.py - MainProcess
2024-01-22 16:48:16,396 - DEBUG 10; Module: views - Filename:views.py - FuncName:my_photo - №line:82; Message:request.POST: <QueryDict: {'csrfmiddlewaretoken': ['W3lrzDaG4PHGtX1eGdsseKoNi35NEltGMEe8Fy45Tsz7qGaG4kNIR5EGT8h090uK'], 'date_time_pict': ['1111-01-07 20']}>, request.FILES: <MultiValueDict: {'image': [<InMemoryUploadedFile: hard_skills.jpg (image/jpeg)>]}>, form.errors:  - C:\Users\zarin\OneDrive\Рабочий стол\Programming\GitHub\Reality\main\views.py - MainProcess
2024-01-22 16:51:18,277 - DEBUG 10; Module: views - Filename:views.py - FuncName:my_photo - №line:82; Message:request.POST: <QueryDict: {'csrfmiddlewaretoken': ['W3lrzDaG4PHGtX1eGdsseKoNi35NEltGMEe8Fy45Tsz7qGaG4kNIR5EGT8h090uK'], 'date_time_pict': ['1111-01-07 20']}>, request.FILES: <MultiValueDict: {'image': [<InMemoryUploadedFile: hard_skills.jpg (image/jpeg)>]}>, form.errors:  - C:\Users\zarin\OneDrive\Рабочий стол\Programming\GitHub\Reality\main\views.py - MainProcess
2024-01-22 16:51:18,278 - DEBUG 10; Module: views - Filename:views.py - FuncName:my_photo - №line:86; Message:form_image--hard_skills.jpg; form_image.name--hard_skills.jpg - C:\Users\zarin\OneDrive\Рабочий стол\Programming\GitHub\Reality\main\views.py - MainProcess
2024-01-22 16:51:42,407 - DEBUG 10; Module: views - Filename:views.py - FuncName:my_photo - №line:82; Message:request.POST: <QueryDict: {'csrfmiddlewaretoken': ['W3lrzDaG4PHGtX1eGdsseKoNi35NEltGMEe8Fy45Tsz7qGaG4kNIR5EGT8h090uK'], 'date_time_pict': ['1111-01-07 20']}>, request.FILES: <MultiValueDict: {'image': [<InMemoryUploadedFile: hard_skills.jpg (image/jpeg)>]}>, form.errors:  - C:\Users\zarin\OneDrive\Рабочий стол\Programming\GitHub\Reality\main\views.py - MainProcess
2024-01-22 16:54:17,950 - DEBUG 10; Module: views - Filename:views.py - FuncName:my_photo - №line:82; Message:request.POST: <QueryDict: {'csrfmiddlewaretoken': ['W3lrzDaG4PHGtX1eGdsseKoNi35NEltGMEe8Fy45Tsz7qGaG4kNIR5EGT8h090uK'], 'date_time_pict': ['1111-01-07 20']}>, request.FILES: <MultiValueDict: {'image': [<InMemoryUploadedFile: hard_skills.jpg (image/jpeg)>]}>, form.errors:  - C:\Users\zarin\OneDrive\Рабочий стол\Programming\GitHub\Reality\main\views.py - MainProcess
2024-01-22 16:54:37,851 - DEBUG 10; Module: views - Filename:views.py - FuncName:my_photo - №line:82; Message:request.POST: <QueryDict: {'csrfmiddlewaretoken': ['W3lrzDaG4PHGtX1eGdsseKoNi35NEltGMEe8Fy45Tsz7qGaG4kNIR5EGT8h090uK'], 'date_time_pict': ['1111-01-07 20']}>, request.FILES: <MultiValueDict: {'image': [<InMemoryUploadedFile: hard_skills.jpg (image/jpeg)>]}>, form.errors:  - C:\Users\zarin\OneDrive\Рабочий стол\Programming\GitHub\Reality\main\views.py - MainProcess
2024-01-22 16:54:50,747 - DEBUG 10; Module: views - Filename:views.py - FuncName:my_photo - №line:82; Message:request.POST: <QueryDict: {'csrfmiddlewaretoken': ['W3lrzDaG4PHGtX1eGdsseKoNi35NEltGMEe8Fy45Tsz7qGaG4kNIR5EGT8h090uK'], 'date_time_pict': ['1111-01-07 20']}>, request.FILES: <MultiValueDict: {'image': [<InMemoryUploadedFile: hard_skills.jpg (image/jpeg)>]}>, form.errors:  - C:\Users\zarin\OneDrive\Рабочий стол\Programming\GitHub\Reality\main\views.py - MainProcess
2024-01-22 16:59:28,588 - DEBUG 10; Module: views - Filename:views.py - FuncName:my_photo - №line:85; Message:hard_skills.jpg - C:\Users\zarin\OneDrive\Рабочий стол\Programming\GitHub\Reality\main\views.py - MainProcess
2024-01-22 17:00:36,216 - DEBUG 10; Module: views - Filename:views.py - FuncName:my_photo - №line:85; Message:hard_skills.jpg - C:\Users\zarin\OneDrive\Рабочий стол\Programming\GitHub\Reality\main\views.py - MainProcess
2024-01-22 17:02:17,977 - DEBUG 10; Module: views - Filename:views.py - FuncName:my_photo - №line:85; Message:/media/uploaded\hard_skills.jpg - C:\Users\zarin\OneDrive\Рабочий стол\Programming\GitHub\Reality\main\views.py - MainProcess
2024-01-22 17:16:13,528 - INFO 20; Module: views - Filename:views.py - FuncName:creature - №line:66; Message:"Way to user's img: /media/uploaded/hard_skills.jpg " - C:\Users\zarin\OneDrive\Рабочий стол\Programming\GitHub\Reality\main\views.py - MainProcess
2024-01-22 18:14:07,253 - INFO 20; Module: views - Filename:views.py - FuncName:creature - №line:66; Message:"Way to user's img: /media/uploaded/20240107_003835.jpg " - C:\Users\zarin\OneDrive\Рабочий стол\Programming\GitHub\Reality\main\views.py - MainProcess
2024-01-22 18:14:22,174 - INFO 20; Module: views - Filename:views.py - FuncName:creature - №line:66; Message:"Way to user's img: /media/uploaded/20240107_003835.jpg " - C:\Users\zarin\OneDrive\Рабочий стол\Programming\GitHub\Reality\main\views.py - MainProcess
2024-01-22 18:35:03,494 - INFO 20; Module: views - Filename:views.py - FuncName:creature - №line:66; Message:"Way to user's img: /media/uploaded/20240107_003835.jpg " - C:\Users\zarin\OneDrive\Рабочий стол\Programming\GitHub\Reality\main\views.py - MainProcess
2024-01-22 18:43:47,555 - INFO 20; Module: views - Filename:views.py - FuncName:creature - №line:66; Message:"Way to user's img: /media/uploaded/20240107_003835.jpg " - C:\Users\zarin\OneDrive\Рабочий стол\Programming\GitHub\Reality\main\views.py - MainProcess
2024-01-22 18:44:04,466 - INFO 20; Module: views - Filename:views.py - FuncName:creature - №line:66; Message:"Way to user's img: /media/uploaded/20240107_003835.jpg " - C:\Users\zarin\OneDrive\Рабочий стол\Programming\GitHub\Reality\main\views.py - MainProcess
2024-01-22 18:44:19,007 - INFO 20; Module: views - Filename:views.py - FuncName:creature - №line:66; Message:"Way to user's img: /media/uploaded/photo_no9TMPV.jpg " - C:\Users\zarin\OneDrive\Рабочий стол\Programming\GitHub\Reality\main\views.py - MainProcess
2024-01-22 18:47:21,399 - INFO 20; Module: views - Filename:views.py - FuncName:creature - №line:66; Message:"Way to user's img: /media/uploaded/photo_no9TMPV.jpg " - C:\Users\zarin\OneDrive\Рабочий стол\Programming\GitHub\Reality\main\views.py - MainProcess
2024-01-22 18:50:18,548 - INFO 20; Module: views - Filename:views.py - FuncName:creature - №line:66; Message:"Way to user's img: /media/uploaded/photo_no9TMPV.jpg " - C:\Users\zarin\OneDrive\Рабочий стол\Programming\GitHub\Reality\main\views.py - MainProcess
2024-01-22 18:50:55,163 - INFO 20; Module: views - Filename:views.py - FuncName:creature - №line:66; Message:"Way to user's img: /media/uploaded/photo_no9TMPV.jpg " - C:\Users\zarin\OneDrive\Рабочий стол\Programming\GitHub\Reality\main\views.py - MainProcess
2024-01-22 18:51:32,743 - INFO 20; Module: views - Filename:views.py - FuncName:creature - №line:66; Message:"Way to user's img: /media/uploaded/photo_no9TMPV.jpg " - C:\Users\zarin\OneDrive\Рабочий стол\Programming\GitHub\Reality\main\views.py - MainProcess
2024-01-22 18:56:27,412 - INFO 20; Module: views - Filename:views.py - FuncName:creature - №line:66; Message:"Way to user's img: /media/uploaded/photo_no9TMPV.jpg " - C:\Users\zarin\OneDrive\Рабочий стол\Programming\GitHub\Reality\main\views.py - MainProcess
2024-01-22 18:56:33,834 - INFO 20; Module: views - Filename:views.py - FuncName:creature - №line:66; Message:"Way to user's img: /media/uploaded/photo_no9TMPV.jpg " - C:\Users\zarin\OneDrive\Рабочий стол\Programming\GitHub\Reality\main\views.py - MainProcess
2024-01-22 18:58:02,260 - INFO 20; Module: views - Filename:views.py - FuncName:creature - №line:66; Message:"Way to user's img: /media/uploaded/photo_no9TMPV.jpg " - C:\Users\zarin\OneDrive\Рабочий стол\Programming\GitHub\Reality\main\views.py - MainProcess
2024-01-22 18:58:53,926 - INFO 20; Module: views - Filename:views.py - FuncName:creature - №line:66; Message:"Way to user's img: /media/uploaded/photo_no9TMPV.jpg " - C:\Users\zarin\OneDrive\Рабочий стол\Programming\GitHub\Reality\main\views.py - MainProcess
2024-01-22 18:59:04,326 - INFO 20; Module: views - Filename:views.py - FuncName:creature - №line:66; Message:"Way to user's img: /media/uploaded/photo_no9TMPV.jpg " - C:\Users\zarin\OneDrive\Рабочий стол\Programming\GitHub\Reality\main\views.py - MainProcess
2024-01-22 19:00:46,685 - INFO 20; Module: views - Filename:views.py - FuncName:creature - №line:66; Message:"Way to user's img: /media/uploaded/photo_no9TMPV.jpg " - C:\Users\zarin\OneDrive\Рабочий стол\Programming\GitHub\Reality\main\views.py - MainProcess
2024-01-22 20:59:41,968 - INFO 20; Module: views - Filename:views.py - FuncName:creature - №line:66; Message:"Way to user's img: /media/uploaded/photo_no9TMPV.jpg " - C:\Users\zarin\OneDrive\Рабочий стол\Programming\GitHub\Reality\main\views.py - MainProcess
2024-01-22 21:04:47,050 - INFO 20; Module: views - Filename:views.py - FuncName:add_parameter7_behavior - №line:258; Message:Parameter7Behavior object (2) - C:\Users\zarin\OneDrive\Рабочий стол\Programming\GitHub\Reality\main\views.py - MainProcess
2024-01-22 21:16:47,570 - INFO 20; Module: views - Filename:views.py - FuncName:creature - №line:66; Message:"Way to user's img: /media/uploaded/photo_no9TMPV.jpg " - C:\Users\zarin\OneDrive\Рабочий стол\Programming\GitHub\Reality\main\views.py - MainProcess
2024-01-22 21:34:03,913 - INFO 20; Module: views - Filename:views.py - FuncName:creature - №line:66; Message:"Way to user's img: /media/uploaded/photo_no9TMPV.jpg " - C:\Users\zarin\OneDrive\Рабочий стол\Programming\GitHub\Reality\main\views.py - MainProcess
2024-01-22 21:36:03,973 - INFO 20; Module: views - Filename:views.py - FuncName:creature - №line:66; Message:"Way to user's img: /media/uploaded/photo_no9TMPV.jpg " - C:\Users\zarin\OneDrive\Рабочий стол\Programming\GitHub\Reality\main\views.py - MainProcess
2024-01-22 21:37:04,345 - INFO 20; Module: views - Filename:views.py - FuncName:creature - №line:66; Message:"Way to user's img: /media/uploaded/photo_gEhuCJc.jpg " - C:\Users\zarin\OneDrive\Рабочий стол\Programming\GitHub\Reality\main\views.py - MainProcess
2024-01-22 21:37:09,363 - INFO 20; Module: views - Filename:views.py - FuncName:creature - №line:66; Message:"Way to user's img: /media/uploaded/photo_gEhuCJc.jpg " - C:\Users\zarin\OneDrive\Рабочий стол\Programming\GitHub\Reality\main\views.py - MainProcess
2024-01-22 21:46:05,144 - INFO 20; Module: views - Filename:views.py - FuncName:creature - №line:66; Message:"Way to user's img: /media/uploaded/photo_rSYio7k.jpg " - C:\Users\zarin\OneDrive\Рабочий стол\Programming\GitHub\Reality\main\views.py - MainProcess
2024-01-22 21:48:46,817 - INFO 20; Module: views - Filename:views.py - FuncName:creature - №line:66; Message:"Way to user's img: /media/uploaded/photo_rSYio7k.jpg " - C:\Users\zarin\OneDrive\Рабочий стол\Programming\GitHub\Reality\main\views.py - MainProcess
2024-01-22 21:48:51,661 - INFO 20; Module: views - Filename:views.py - FuncName:creature - №line:66; Message:"Way to user's img: /media/uploaded/photo_rSYio7k.jpg " - C:\Users\zarin\OneDrive\Рабочий стол\Programming\GitHub\Reality\main\views.py - MainProcess
2024-01-22 21:48:56,099 - INFO 20; Module: views - Filename:views.py - FuncName:creature - №line:66; Message:"Way to user's img: /media/uploaded/photo_rSYio7k.jpg " - C:\Users\zarin\OneDrive\Рабочий стол\Programming\GitHub\Reality\main\views.py - MainProcess
2024-01-22 21:53:20,250 - INFO 20; Module: views - Filename:views.py - FuncName:creature - №line:66; Message:"Way to user's img: /media/None " - C:\Users\zarin\OneDrive\Рабочий стол\Programming\GitHub\Reality\main\views.py - MainProcess
2024-01-22 21:54:41,173 - INFO 20; Module: views - Filename:views.py - FuncName:creature - №line:66; Message:"Way to user's img: /media/None " - C:\Users\zarin\OneDrive\Рабочий стол\Programming\GitHub\Reality\main\views.py - MainProcess
2024-01-22 21:54:45,755 - INFO 20; Module: views - Filename:views.py - FuncName:creature - №line:66; Message:"Way to user's img: /media/None " - C:\Users\zarin\OneDrive\Рабочий стол\Programming\GitHub\Reality\main\views.py - MainProcess
2024-01-22 21:54:49,255 - INFO 20; Module: views - Filename:views.py - FuncName:creature - №line:66; Message:"Way to user's img: /media/None " - C:\Users\zarin\OneDrive\Рабочий стол\Programming\GitHub\Reality\main\views.py - MainProcess
2024-01-22 21:54:52,533 - INFO 20; Module: views - Filename:views.py - FuncName:creature - №line:66; Message:"Way to user's img: /media/None " - C:\Users\zarin\OneDrive\Рабочий стол\Programming\GitHub\Reality\main\views.py - MainProcess
2024-01-23 15:59:20,534 - INFO 20; Module: views - Filename:views.py - FuncName:creature - №line:66; Message:"Way to user's img: /media/uploaded/photo_rSYio7k.jpg " - C:\Users\zarin\OneDrive\Рабочий стол\Programming\GitHub\Reality\main\views.py - MainProcess
2024-01-23 15:59:29,451 - INFO 20; Module: views - Filename:views.py - FuncName:creature - №line:66; Message:"Way to user's img: /media/uploaded/photo_rSYio7k.jpg " - C:\Users\zarin\OneDrive\Рабочий стол\Programming\GitHub\Reality\main\views.py - MainProcess
2024-01-23 15:59:45,093 - INFO 20; Module: views - Filename:views.py - FuncName:creature - №line:66; Message:"Way to user's img: /media/uploaded/photo_rSYio7k.jpg " - C:\Users\zarin\OneDrive\Рабочий стол\Programming\GitHub\Reality\main\views.py - MainProcess
2024-01-23 16:07:31,679 - INFO 20; Module: views - Filename:views.py - FuncName:creature - №line:66; Message:"Way to user's img: /media/uploaded/photo_rSYio7k.jpg " - C:\Users\zarin\OneDrive\Рабочий стол\Programming\GitHub\Reality\main\views.py - MainProcess
2024-01-23 16:07:36,444 - INFO 20; Module: views - Filename:views.py - FuncName:creature - №line:66; Message:"Way to user's img: /media/uploaded/photo_rSYio7k.jpg " - C:\Users\zarin\OneDrive\Рабочий стол\Programming\GitHub\Reality\main\views.py - MainProcess
2024-01-23 16:07:40,850 - INFO 20; Module: views - Filename:views.py - FuncName:creature - №line:66; Message:"Way to user's img: /media/uploaded/photo_rSYio7k.jpg " - C:\Users\zarin\OneDrive\Рабочий стол\Programming\GitHub\Reality\main\views.py - MainProcess
2024-01-23 16:09:14,344 - INFO 20; Module: views - Filename:views.py - FuncName:creature - №line:66; Message:"Way to user's img: /media/uploaded/photo_rSYio7k.jpg " - C:\Users\zarin\OneDrive\Рабочий стол\Programming\GitHub\Reality\main\views.py - MainProcess
2024-01-23 16:10:18,318 - INFO 20; Module: views - Filename:views.py - FuncName:creature - №line:66; Message:"Way to user's img: /media/None " - C:\Users\zarin\OneDrive\Рабочий стол\Programming\GitHub\Reality\main\views.py - MainProcess
2024-01-23 16:11:48,121 - INFO 20; Module: views - Filename:views.py - FuncName:creature - №line:66; Message:"Way to user's img: /media/uploaded/photo.jpg " - C:\Users\zarin\OneDrive\Рабочий стол\Programming\GitHub\Reality\main\views.py - MainProcess
2024-01-23 16:11:53,302 - INFO 20; Module: views - Filename:views.py - FuncName:creature - №line:66; Message:"Way to user's img: /media/uploaded/photo.jpg " - C:\Users\zarin\OneDrive\Рабочий стол\Programming\GitHub\Reality\main\views.py - MainProcess
2024-01-23 16:12:00,139 - INFO 20; Module: views - Filename:views.py - FuncName:creature - №line:66; Message:"Way to user's img: /media/uploaded/photo.jpg " - C:\Users\zarin\OneDrive\Рабочий стол\Programming\GitHub\Reality\main\views.py - MainProcess
2024-01-23 16:12:06,961 - INFO 20; Module: views - Filename:views.py - FuncName:creature - №line:66; Message:"Way to user's img: /media/uploaded/photo.jpg " - C:\Users\zarin\OneDrive\Рабочий стол\Programming\GitHub\Reality\main\views.py - MainProcess
2024-01-23 16:12:26,655 - INFO 20; Module: views - Filename:views.py - FuncName:creature - №line:66; Message:"Way to user's img: /media/uploaded/photo.jpg " - C:\Users\zarin\OneDrive\Рабочий стол\Programming\GitHub\Reality\main\views.py - MainProcess
2024-01-23 16:12:33,169 - INFO 20; Module: views - Filename:views.py - FuncName:creature - №line:66; Message:"Way to user's img: /media/uploaded/photo.jpg " - C:\Users\zarin\OneDrive\Рабочий стол\Programming\GitHub\Reality\main\views.py - MainProcess
2024-01-23 16:12:35,311 - INFO 20; Module: views - Filename:views.py - FuncName:creature - №line:66; Message:"Way to user's img: /media/uploaded/photo.jpg " - C:\Users\zarin\OneDrive\Рабочий стол\Programming\GitHub\Reality\main\views.py - MainProcess
2024-01-23 16:12:37,940 - INFO 20; Module: views - Filename:views.py - FuncName:creature - №line:66; Message:"Way to user's img: /media/uploaded/photo.jpg " - C:\Users\zarin\OneDrive\Рабочий стол\Programming\GitHub\Reality\main\views.py - MainProcess
2024-01-23 16:13:16,379 - INFO 20; Module: views - Filename:views.py - FuncName:creature - №line:66; Message:"Way to user's img: /media/uploaded/photo.jpg " - C:\Users\zarin\OneDrive\Рабочий стол\Programming\GitHub\Reality\main\views.py - MainProcess
2024-01-23 16:13:22,428 - INFO 20; Module: views - Filename:views.py - FuncName:creature - №line:66; Message:"Way to user's img: /media/uploaded/photo.jpg " - C:\Users\zarin\OneDrive\Рабочий стол\Programming\GitHub\Reality\main\views.py - MainProcess
2024-01-23 16:14:57,440 - INFO 20; Module: views - Filename:views.py - FuncName:creature - №line:66; Message:"Way to user's img: /media/None " - C:\Users\zarin\OneDrive\Рабочий стол\Programming\GitHub\Reality\main\views.py - MainProcess
2024-01-23 16:15:03,142 - INFO 20; Module: views - Filename:views.py - FuncName:creature - №line:66; Message:"Way to user's img: /media/None " - C:\Users\zarin\OneDrive\Рабочий стол\Programming\GitHub\Reality\main\views.py - MainProcess
2024-01-23 16:16:18,228 - INFO 20; Module: views - Filename:views.py - FuncName:creature - №line:66; Message:"Way to user's img: /media/uploaded/soft_skills.jpg " - C:\Users\zarin\OneDrive\Рабочий стол\Programming\GitHub\Reality\main\views.py - MainProcess
2024-01-23 16:16:43,138 - INFO 20; Module: views - Filename:views.py - FuncName:creature - №line:66; Message:"Way to user's img: /media/uploaded/soft_skills.jpg " - C:\Users\zarin\OneDrive\Рабочий стол\Programming\GitHub\Reality\main\views.py - MainProcess
2024-01-23 16:17:25,521 - INFO 20; Module: views - Filename:views.py - FuncName:creature - №line:66; Message:"Way to user's img: /media/None " - C:\Users\zarin\OneDrive\Рабочий стол\Programming\GitHub\Reality\main\views.py - MainProcess
2024-01-23 16:18:48,027 - INFO 20; Module: views - Filename:views.py - FuncName:creature - №line:66; Message:"Way to user's img: /media/uploaded/site_summary.png " - C:\Users\zarin\OneDrive\Рабочий стол\Programming\GitHub\Reality\main\views.py - MainProcess
2024-01-23 16:19:29,195 - INFO 20; Module: views - Filename:views.py - FuncName:creature - №line:66; Message:"Way to user's img: /media/uploaded/site_summary.png " - C:\Users\zarin\OneDrive\Рабочий стол\Programming\GitHub\Reality\main\views.py - MainProcess
2024-01-23 16:21:00,609 - INFO 20; Module: views - Filename:views.py - FuncName:creature - №line:66; Message:"Way to user's img: /media/uploaded/site_summary.png " - C:\Users\zarin\OneDrive\Рабочий стол\Programming\GitHub\Reality\main\views.py - MainProcess
2024-01-23 16:21:04,096 - INFO 20; Module: views - Filename:views.py - FuncName:creature - №line:66; Message:"Way to user's img: /media/uploaded/site_summary.png " - C:\Users\zarin\OneDrive\Рабочий стол\Programming\GitHub\Reality\main\views.py - MainProcess
2024-01-23 16:22:27,844 - INFO 20; Module: views - Filename:views.py - FuncName:creature - №line:66; Message:"Way to user's img: /media/uploaded/site_summary.png " - C:\Users\zarin\OneDrive\Рабочий стол\Programming\GitHub\Reality\main\views.py - MainProcess
2024-01-23 16:23:08,382 - INFO 20; Module: views - Filename:views.py - FuncName:creature - №line:66; Message:"Way to user's img: /media/uploaded/site_summary.png " - C:\Users\zarin\OneDrive\Рабочий стол\Programming\GitHub\Reality\main\views.py - MainProcess
2024-01-23 16:25:20,948 - INFO 20; Module: views - Filename:views.py - FuncName:creature - №line:66; Message:"Way to user's img: /media/uploaded/photo_rSYio7k.jpg " - C:\Users\zarin\OneDrive\Рабочий стол\Programming\GitHub\Reality\main\views.py - MainProcess
2024-01-23 16:25:26,391 - INFO 20; Module: views - Filename:views.py - FuncName:creature - №line:66; Message:"Way to user's img: /media/uploaded/photo_rSYio7k.jpg " - C:\Users\zarin\OneDrive\Рабочий стол\Programming\GitHub\Reality\main\views.py - MainProcess
2024-01-23 16:25:38,400 - INFO 20; Module: views - Filename:views.py - FuncName:creature - №line:66; Message:"Way to user's img: /media/uploaded/photo_rSYio7k.jpg " - C:\Users\zarin\OneDrive\Рабочий стол\Programming\GitHub\Reality\main\views.py - MainProcess
2024-01-23 16:25:44,043 - INFO 20; Module: views - Filename:views.py - FuncName:creature - №line:66; Message:"Way to user's img: /media/uploaded/photo_rSYio7k.jpg " - C:\Users\zarin\OneDrive\Рабочий стол\Programming\GitHub\Reality\main\views.py - MainProcess
2024-01-23 16:25:50,939 - INFO 20; Module: views - Filename:views.py - FuncName:creature - №line:66; Message:"Way to user's img: /media/uploaded/photo_rSYio7k.jpg " - C:\Users\zarin\OneDrive\Рабочий стол\Programming\GitHub\Reality\main\views.py - MainProcess
2024-01-23 16:26:15,424 - INFO 20; Module: views - Filename:views.py - FuncName:creature - №line:66; Message:"Way to user's img: /media/None " - C:\Users\zarin\OneDrive\Рабочий стол\Programming\GitHub\Reality\main\views.py - MainProcess
2024-01-23 16:28:49,347 - INFO 20; Module: views - Filename:views.py - FuncName:creature - №line:66; Message:"Way to user's img: /media/None " - C:\Users\zarin\OneDrive\Рабочий стол\Programming\GitHub\Reality\main\views.py - MainProcess
2024-01-23 16:29:13,134 - INFO 20; Module: views - Filename:views.py - FuncName:creature - №line:66; Message:"Way to user's img: /media/uploaded/photo_rSYio7k.jpg " - C:\Users\zarin\OneDrive\Рабочий стол\Programming\GitHub\Reality\main\views.py - MainProcess
2024-01-23 16:30:43,930 - INFO 20; Module: views - Filename:views.py - FuncName:creature - №line:66; Message:"Way to user's img: /media/uploaded/photo.jpg " - C:\Users\zarin\OneDrive\Рабочий стол\Programming\GitHub\Reality\main\views.py - MainProcess
2024-01-23 16:31:04,932 - INFO 20; Module: views - Filename:views.py - FuncName:creature - №line:66; Message:"Way to user's img: /media/None " - C:\Users\zarin\OneDrive\Рабочий стол\Programming\GitHub\Reality\main\views.py - MainProcess
2024-01-23 16:36:13,252 - INFO 20; Module: views - Filename:views.py - FuncName:creature - №line:66; Message:"Way to user's img: /media/uploaded/human.png " - C:\Users\zarin\OneDrive\Рабочий стол\Programming\GitHub\Reality\main\views.py - MainProcess
2024-01-23 16:36:37,846 - INFO 20; Module: views - Filename:views.py - FuncName:creature - №line:66; Message:"Way to user's img: /media/uploaded/human.png " - C:\Users\zarin\OneDrive\Рабочий стол\Programming\GitHub\Reality\main\views.py - MainProcess
2024-01-23 16:36:44,529 - INFO 20; Module: views - Filename:views.py - FuncName:creature - №line:66; Message:"Way to user's img: /media/uploaded/human.png " - C:\Users\zarin\OneDrive\Рабочий стол\Programming\GitHub\Reality\main\views.py - MainProcess
2024-01-23 16:40:48,859 - INFO 20; Module: views - Filename:views.py - FuncName:creature - №line:66; Message:"Way to user's img: /media/uploaded/human.png " - C:\Users\zarin\OneDrive\Рабочий стол\Programming\GitHub\Reality\main\views.py - MainProcess
2024-01-23 16:40:58,531 - INFO 20; Module: views - Filename:views.py - FuncName:creature - №line:66; Message:"Way to user's img: /media/uploaded/human.png " - C:\Users\zarin\OneDrive\Рабочий стол\Programming\GitHub\Reality\main\views.py - MainProcess
2024-01-23 16:41:30,629 - INFO 20; Module: views - Filename:views.py - FuncName:creature - №line:66; Message:"Way to user's img: /media/uploaded/human.png " - C:\Users\zarin\OneDrive\Рабочий стол\Programming\GitHub\Reality\main\views.py - MainProcess
2024-01-23 16:41:34,974 - INFO 20; Module: views - Filename:views.py - FuncName:creature - №line:66; Message:"Way to user's img: /media/uploaded/human.png " - C:\Users\zarin\OneDrive\Рабочий стол\Programming\GitHub\Reality\main\views.py - MainProcess
2024-01-23 16:41:50,744 - INFO 20; Module: views - Filename:views.py - FuncName:creature - №line:66; Message:"Way to user's img: /media/uploaded/human.png " - C:\Users\zarin\OneDrive\Рабочий стол\Programming\GitHub\Reality\main\views.py - MainProcess
2024-01-23 16:44:48,509 - INFO 20; Module: views - Filename:views.py - FuncName:creature - №line:66; Message:"Way to user's img: /media/uploaded/human.png " - C:\Users\zarin\OneDrive\Рабочий стол\Programming\GitHub\Reality\main\views.py - MainProcess
2024-01-23 16:44:53,393 - INFO 20; Module: views - Filename:views.py - FuncName:creature - №line:66; Message:"Way to user's img: /media/uploaded/human.png " - C:\Users\zarin\OneDrive\Рабочий стол\Programming\GitHub\Reality\main\views.py - MainProcess
2024-01-23 17:20:24,050 - INFO 20; Module: views - Filename:views.py - FuncName:creature - №line:66; Message:"Way to user's img: /media/uploaded/human_m8ch8vL.png " - C:\Users\zarin\OneDrive\Рабочий стол\Programming\GitHub\Reality\main\views.py - MainProcess
2024-01-23 17:20:29,251 - INFO 20; Module: views - Filename:views.py - FuncName:creature - №line:66; Message:"Way to user's img: /media/uploaded/human_m8ch8vL.png " - C:\Users\zarin\OneDrive\Рабочий стол\Programming\GitHub\Reality\main\views.py - MainProcess
2024-01-23 17:20:32,277 - INFO 20; Module: views - Filename:views.py - FuncName:creature - №line:66; Message:"Way to user's img: /media/uploaded/human_m8ch8vL.png " - C:\Users\zarin\OneDrive\Рабочий стол\Programming\GitHub\Reality\main\views.py - MainProcess
2024-01-23 18:14:35,153 - INFO 20; Module: views - Filename:views.py - FuncName:creature - №line:66; Message:"Way to user's img: /media/uploaded/human_m8ch8vL.png " - C:\Users\zarin\OneDrive\Рабочий стол\Programming\GitHub\Reality\main\views.py - MainProcess
2024-01-23 18:15:21,021 - INFO 20; Module: views - Filename:views.py - FuncName:creature - №line:66; Message:"Way to user's img: /media/uploaded/human_m8ch8vL.png " - C:\Users\zarin\OneDrive\Рабочий стол\Programming\GitHub\Reality\main\views.py - MainProcess
